<?xml version="1.0" encoding="UTF-8"?><testsuite errors="0" failures="0" name="atstUIAutomation.features.search.SearchTest" skipped="0" tests="3" time="32.17" timestamp="2021-10-21 10:12:52"><testcase classname="atstUIAutomation.features.search.SearchTest" name="Add to cart searched product dress"/><testcase classname="atstUIAutomation.features.search.SearchTest" name="Add to cart searched product pants"/><testcase classname="atstUIAutomation.features.search.SearchTest" name="Add to cart searched product shirt"/></testsuite>