<?xml version="1.0" encoding="UTF-8"?><testsuite errors="1" failures="0" name="atstUIAutomation.features.search.WishListTest" skipped="0" tests="1" time="16.21" timestamp="2021-10-21 01:54:27"><testcase classname="atstUIAutomation.features.search.WishListTest" name="Choose random product for wish list"><error message="Timed out after 2 seconds. Element not found&#10;For documentation on this error, please visit: https://www.seleniumhq.org/exceptions/no_such_element.html&#10;Build info: version: '3.141.59', revision: 'e82be7d358', time: '2018-11-14T08:17:03'&#10;System info: host: 'DESKTOP-5D8G6BA', ip: '192.168.0.106', os.name: 'Windows 10', os.arch: 'amd64', os.version: '10.0', java.version: '12.0.1'&#10;Driver info: driver.version: unknown" type="org.openqa.selenium.NoSuchElementException">Timed out after 2 seconds. Element not found
For documentation on this error, please visit: https://www.seleniumhq.org/exceptions/no_such_element.html
Build info: version: '3.141.59', revision: 'e82be7d358', time: '2018-11-14T08:17:03'
System info: host: 'DESKTOP-5D8G6BA', ip: '192.168.0.106', os.name: 'Windows 10', os.arch: 'amd64', os.version: '10.0', java.version: '12.0.1'
Driver info: driver.version: unknown</error><system-err>Timed out after 2 seconds. Element not found
For documentation on this error, please visit: https://www.seleniumhq.org/exceptions/no_such_element.html
Build info: version: '3.141.59', revision: 'e82be7d358', time: '2018-11-14T08:17:03'
System info: host: 'DESKTOP-5D8G6BA', ip: '192.168.0.106', os.name: 'Windows 10', os.arch: 'amd64', os.version: '10.0', java.version: '12.0.1'
Driver info: driver.version: unknown&#13;
atstUIAutomation.pages.WishListPage.getSuccessMessage(WishListPage.java:15)&#13;
atstUIAutomation.steps.serenity.ProductsSteps.getSuccessMessageWishList(ProductsSteps.java:36)&#13;
atstUIAutomation.steps.serenity.ProductsSteps.addToWishListRandomProduct(ProductsSteps.java:49)&#13;
atstUIAutomation.features.search.WishListTest.chooseRandomProductForWishList(WishListTest.java:35)&#13;
</system-err></testcase></testsuite>