<?xml version="1.0" encoding="UTF-8"?><testsuite errors="0" failures="2" name="atstUIAutomation.features.language.LanguageTest" skipped="0" tests="7" time="38.49" timestamp="2021-11-05 11:21:46"><testcase classname="atstUIAutomation.features.language.LanguageTest" name="Change language test french"/><testcase classname="atstUIAutomation.features.language.LanguageTest" name="Change language test german"/><testcase classname="atstUIAutomation.features.language.LanguageTest" name="Content language test french"><failure message="expected:&lt;[BIENVENU]E&gt; but was:&lt;[WELCOM]E&gt;" type="org.junit.ComparisonFailure">expected:&lt;[BIENVENU]E&gt; but was:&lt;[WELCOM]E&gt;</failure><system-err>expected:&lt;[BIENVENU]E&gt; but was:&lt;[WELCOM]E&gt;&#13;
atstUIAutomation.steps.serenity.HeaderSteps.check_language_for_welcome_msg(HeaderSteps.java:63)&#13;
atstUIAutomation.features.language.LanguageTest.contentLanguageTest_French(LanguageTest.java:47)&#13;
</system-err></testcase><testcase classname="atstUIAutomation.features.language.LanguageTest" name="Content language test german"><failure message="expected:&lt;W[ILLKOMMEN]&gt; but was:&lt;W[ELCOME]&gt;" type="org.junit.ComparisonFailure">expected:&lt;W[ILLKOMMEN]&gt; but was:&lt;W[ELCOME]&gt;</failure><system-err>expected:&lt;W[ILLKOMMEN]&gt; but was:&lt;W[ELCOME]&gt;&#13;
atstUIAutomation.steps.serenity.HeaderSteps.check_language_for_welcome_msg(HeaderSteps.java:63)&#13;
atstUIAutomation.features.language.LanguageTest.contentLanguageTest_German(LanguageTest.java:52)&#13;
</system-err></testcase><testcase classname="atstUIAutomation.features.language.LanguageTest" name="Language list size test"/><testcase classname="atstUIAutomation.features.language.LanguageTest" name="Content language test english"/><testcase classname="atstUIAutomation.features.language.LanguageTest" name="Change language test english"/></testsuite>