<?xml version="1.0" encoding="UTF-8"?><testsuite errors="0" failures="0" name="atstUIAutomation.features.search.SearchProductTest" skipped="0" tests="7" time="55.42" timestamp="2021-11-07 06:21:36"><testcase classname="atstUIAutomation.features.search.SearchProductTest" name="Search for pants"/><testcase classname="atstUIAutomation.features.search.SearchProductTest" name="Check next on search"/><testcase classname="atstUIAutomation.features.search.SearchProductTest" name="Check navigation arrows on first page"/><testcase classname="atstUIAutomation.features.search.SearchProductTest" name="Search for n pants"/><testcase classname="atstUIAutomation.features.search.SearchProductTest" name="Search for skirts"/><testcase classname="atstUIAutomation.features.search.SearchProductTest" name="Scroll search results"/><testcase classname="atstUIAutomation.features.search.SearchProductTest" name="Check previous on search"/></testsuite>