<?xml version="1.0" encoding="UTF-8"?><testsuite errors="1" failures="0" name="atstUIAutomation.features.search.MenuTest" skipped="0" tests="1" time="8.2" timestamp="2021-10-21 01:39:11"><testcase classname="atstUIAutomation.features.search.MenuTest" name="Change menu test"><error message="Element should have been &quot;select&quot; but was &quot;ol&quot;&#10;Build info: version: '3.141.59', revision: 'e82be7d358', time: '2018-11-14T08:17:03'&#10;System info: host: 'DESKTOP-5D8G6BA', ip: '192.168.0.106', os.name: 'Windows 10', os.arch: 'amd64', os.version: '10.0', java.version: '12.0.1'&#10;Driver info: driver.version: unknown" type="org.openqa.selenium.support.ui.UnexpectedTagNameException">Element should have been "select" but was "ol"
Build info: version: '3.141.59', revision: 'e82be7d358', time: '2018-11-14T08:17:03'
System info: host: 'DESKTOP-5D8G6BA', ip: '192.168.0.106', os.name: 'Windows 10', os.arch: 'amd64', os.version: '10.0', java.version: '12.0.1'
Driver info: driver.version: unknown</error><system-err>Element should have been "select" but was "ol"
Build info: version: '3.141.59', revision: 'e82be7d358', time: '2018-11-14T08:17:03'
System info: host: 'DESKTOP-5D8G6BA', ip: '192.168.0.106', os.name: 'Windows 10', os.arch: 'amd64', os.version: '10.0', java.version: '12.0.1'
Driver info: driver.version: unknown&#13;
atstUIAutomation.pages.HeaderPage.selectMenu(HeaderPage.java:75)&#13;
atstUIAutomation.steps.serenity.HeaderSteps.checkIfMenuSelected(HeaderSteps.java:53)&#13;
atstUIAutomation.features.search.MenuTest.changeMenuTest(MenuTest.java:32)&#13;
</system-err></testcase></testsuite>