<?xml version="1.0" encoding="UTF-8"?><testsuite errors="1" failures="0" name="atstUIAutomation.features.search.RNTest" skipped="1" tests="3" time="8.69" timestamp="2021-10-25 01:10:27"><testcase classname="atstUIAutomation.features.search.RNTest" name="Searching by keyword banana should display the corresponding article"/><testcase classname="atstUIAutomation.features.search.RNTest" name="Searching by ambiguious keyword should display the disambiguation page"><skipped/></testcase><testcase classname="atstUIAutomation.features.search.RNTest" name="Searching by keyword apple should display the corresponding article"><error message="no such window: target window already closed&#10;from unknown error: web view not found&#10;  (Session info: chrome=95.0.4638.54)&#10;Build info: version: '3.141.59', revision: 'e82be7d358', time: '2018-11-14T08:17:03'&#10;System info: host: 'DESKTOP-NLBUCUF', ip: '192.168.0.109', os.name: 'Windows 10', os.arch: 'amd64', os.version: '10.0', java.version: '11.0.9.1'&#10;Driver info: org.openqa.selenium.chrome.ChromeDriver&#10;Capabilities {acceptInsecureCerts: false, browserName: chrome, browserVersion: 95.0.4638.54, chrome: {chromedriverVersion: 95.0.4638.17 (a9d0719444d4b..., userDataDir: C:\Users\razvv\AppData\Loca...}, goog:chromeOptions: {debuggerAddress: localhost:55433}, javascriptEnabled: true, networkConnectionEnabled: false, pageLoadStrategy: normal, platform: WINDOWS, platformName: WINDOWS, proxy: Proxy(), setWindowRect: true, strictFileInteractability: false, timeouts: {implicit: 0, pageLoad: 300000, script: 30000}, unhandledPromptBehavior: dismiss and notify, webauthn:extension:credBlob: true, webauthn:extension:largeBlob: true, webauthn:virtualAuthenticators: true}&#10;Session ID: 85a8e45a51199150da576d9cca58e95d" type="org.openqa.selenium.NoSuchWindowException">no such window: target window already closed
from unknown error: web view not found
  (Session info: chrome=95.0.4638.54)
Build info: version: '3.141.59', revision: 'e82be7d358', time: '2018-11-14T08:17:03'
System info: host: 'DESKTOP-NLBUCUF', ip: '192.168.0.109', os.name: 'Windows 10', os.arch: 'amd64', os.version: '10.0', java.version: '11.0.9.1'
Driver info: org.openqa.selenium.chrome.ChromeDriver
Capabilities {acceptInsecureCerts: false, browserName: chrome, browserVersion: 95.0.4638.54, chrome: {chromedriverVersion: 95.0.4638.17 (a9d0719444d4b..., userDataDir: C:\Users\razvv\AppData\Loca...}, goog:chromeOptions: {debuggerAddress: localhost:55433}, javascriptEnabled: true, networkConnectionEnabled: false, pageLoadStrategy: normal, platform: WINDOWS, platformName: WINDOWS, proxy: Proxy(), setWindowRect: true, strictFileInteractability: false, timeouts: {implicit: 0, pageLoad: 300000, script: 30000}, unhandledPromptBehavior: dismiss and notify, webauthn:extension:credBlob: true, webauthn:extension:largeBlob: true, webauthn:virtualAuthenticators: true}
Session ID: 85a8e45a51199150da576d9cca58e95d</error><system-err>no such window: target window already closed
from unknown error: web view not found
  (Session info: chrome=95.0.4638.54)
Build info: version: '3.141.59', revision: 'e82be7d358', time: '2018-11-14T08:17:03'
System info: host: 'DESKTOP-NLBUCUF', ip: '192.168.0.109', os.name: 'Windows 10', os.arch: 'amd64', os.version: '10.0', java.version: '11.0.9.1'
Driver info: org.openqa.selenium.chrome.ChromeDriver
Capabilities {acceptInsecureCerts: false, browserName: chrome, browserVersion: 95.0.4638.54, chrome: {chromedriverVersion: 95.0.4638.17 (a9d0719444d4b..., userDataDir: C:\Users\razvv\AppData\Loca...}, goog:chromeOptions: {debuggerAddress: localhost:55433}, javascriptEnabled: true, networkConnectionEnabled: false, pageLoadStrategy: normal, platform: WINDOWS, platformName: WINDOWS, proxy: Proxy(), setWindowRect: true, strictFileInteractability: false, timeouts: {implicit: 0, pageLoad: 300000, script: 30000}, unhandledPromptBehavior: dismiss and notify, webauthn:extension:credBlob: true, webauthn:extension:largeBlob: true, webauthn:virtualAuthenticators: true}
Session ID: 85a8e45a51199150da576d9cca58e95d&#13;
atstUIAutomation.pages.DictionaryPage.lambda$getDefinitions$0(DictionaryPage.java:35)&#13;
atstUIAutomation.pages.DictionaryPage.getDefinitions(DictionaryPage.java:36)&#13;
atstUIAutomation.steps.serenity.EndUserSteps.should_see_definition(EndUserSteps.java:27)&#13;
atstUIAutomation.features.search.RNTest.searching_by_keyword_apple_should_display_the_corresponding_article(RNTest.java:29)&#13;
</system-err></testcase></testsuite>