<?xml version="1.0" encoding="UTF-8"?><testsuite errors="0" failures="0" name="atstUIAutomation.features.search.SearchTest" skipped="0" tests="5" time="27.15" timestamp="2021-10-25 04:29:54"><testcase classname="atstUIAutomation.features.search.SearchTest" name="Check next on search"/><testcase classname="atstUIAutomation.features.search.SearchTest" name="Scroll search results"/><testcase classname="atstUIAutomation.features.search.SearchTest" name="Add to cart searched product dress"/><testcase classname="atstUIAutomation.features.search.SearchTest" name="Add to cart searched product pants"/><testcase classname="atstUIAutomation.features.search.SearchTest" name="Add to cart searched product shirt"/></testsuite>