<?xml version="1.0" encoding="UTF-8"?><testsuite errors="0" failures="1" name="atstUIAutomation.features.sort.SortTest" skipped="0" tests="10" time="58.04" timestamp="2021-11-07 06:23:36"><testcase classname="atstUIAutomation.features.sort.SortTest" name="Change view mode different"/><testcase classname="atstUIAutomation.features.sort.SortTest" name="Change sorting by price"/><testcase classname="atstUIAutomation.features.sort.SortTest" name="Change sorting by position"/><testcase classname="atstUIAutomation.features.sort.SortTest" name="Change sorting direction price"/><testcase classname="atstUIAutomation.features.sort.SortTest" name="Get all sorting options"/><testcase classname="atstUIAutomation.features.sort.SortTest" name="Change sorting by name"/><testcase classname="atstUIAutomation.features.sort.SortTest" name="Change sorting direction name"/><testcase classname="atstUIAutomation.features.sort.SortTest" name="Change sorting direction position"><failure message="expected:&lt;[BARCLAY D'ORSAY PUMP, NUDE]&gt; but was:&lt;[SUEDE LOAFER, NAVY]&gt;" type="org.junit.ComparisonFailure">expected:&lt;[BARCLAY D'ORSAY PUMP, NUDE]&gt; but was:&lt;[SUEDE LOAFER, NAVY]&gt;</failure><system-err>expected:&lt;[BARCLAY D'ORSAY PUMP, NUDE]&gt; but was:&lt;[SUEDE LOAFER, NAVY]&gt;&#13;
atstUIAutomation.steps.serenity.SortSteps.change_sorting_direction(SortSteps.java:49)&#13;
atstUIAutomation.features.sort.SortTest.change_sorting_direction_position(SortTest.java:42)&#13;
</system-err></testcase><testcase classname="atstUIAutomation.features.sort.SortTest" name="Change view mode same grid"/><testcase classname="atstUIAutomation.features.sort.SortTest" name="Change view mode same list"/></testsuite>