<?xml version="1.0" encoding="UTF-8"?><testsuite errors="0" failures="0" name="atstUIAutomation.features.language.ChangeLanguageTest" skipped="0" tests="3" time="26.69" timestamp="2021-11-05 08:42:52"><testcase classname="atstUIAutomation.features.language.ChangeLanguageTest" name="Change language test french"/><testcase classname="atstUIAutomation.features.language.ChangeLanguageTest" name="Change language test german"/><testcase classname="atstUIAutomation.features.language.ChangeLanguageTest" name="Language list size test"/></testsuite>