<?xml version="1.0" encoding="UTF-8"?><testsuite errors="0" failures="0" name="atstUIAutomation.features.search.SearchByKeywordStory" skipped="1" tests="3" time="8.85" timestamp="2021-10-25 09:49:02"><testcase classname="atstUIAutomation.features.search.SearchByKeywordStory" name="Searching by keyword banana should display the corresponding article"/><testcase classname="atstUIAutomation.features.search.SearchByKeywordStory" name="Searching by ambiguious keyword should display the disambiguation page"><skipped/></testcase><testcase classname="atstUIAutomation.features.search.SearchByKeywordStory" name="Searching by keyword apple should display the corresponding article"/></testsuite>